-------------------------------------------------------------------------------
Test set: com.training.epam.ticketservice.at.TestExecutor
-------------------------------------------------------------------------------
Tests run: 17, Failures: 6, Errors: 4, Skipped: 0, Time elapsed: 144.89 sec <<< FAILURE!
an admin user can update a movie(allows creating movie descriptions)  Time elapsed: 19.352 sec  <<< ERROR!
java.util.concurrent.TimeoutException
	at java.base/java.util.concurrent.FutureTask.get(FutureTask.java:204)
	at com.google.common.util.concurrent.SimpleTimeLimiter.callWithTimeout(SimpleTimeLimiter.java:155)
	at com.training.epam.ticketservice.at.ProcessUnderTest.runWithTimeout(ProcessUnderTest.java:87)
	at com.training.epam.ticketservice.at.ProcessUnderTest.readNextLine(ProcessUnderTest.java:47)
	at com.training.epam.ticketservice.at.GenericCliProcessStepDefs.theNextLineOfOutputContains(GenericCliProcessStepDefs.java:42)
	at ?.the next line of the output is "Sátántangó (drama, 450 minutes)"(file:///C:/Users/Halász/IdeaProjects/epam-deik-java-dev/final/ticket-service-acceptance-tests/src/test/resources/features/movies.feature:19)

an admin user can delete a movie(allows creating movie descriptions)  Time elapsed: 19.666 sec  <<< ERROR!
java.util.concurrent.TimeoutException
	at java.base/java.util.concurrent.FutureTask.get(FutureTask.java:204)
	at com.google.common.util.concurrent.SimpleTimeLimiter.callWithTimeout(SimpleTimeLimiter.java:155)
	at com.training.epam.ticketservice.at.ProcessUnderTest.runWithTimeout(ProcessUnderTest.java:87)
	at com.training.epam.ticketservice.at.ProcessUnderTest.readNextLine(ProcessUnderTest.java:47)
	at com.training.epam.ticketservice.at.GenericCliProcessStepDefs.theNextLineOfOutputContains(GenericCliProcessStepDefs.java:42)
	at ?.the next line of the output is "There are no movies at the moment"(file:///C:/Users/Halász/IdeaProjects/epam-deik-java-dev/final/ticket-service-acceptance-tests/src/test/resources/features/movies.feature:27)

an admin user can update a room(allow creating, reading, updating and deleting rooms where the screenings will happen)  Time elapsed: 19.381 sec  <<< ERROR!
java.util.concurrent.TimeoutException
	at java.base/java.util.concurrent.FutureTask.get(FutureTask.java:204)
	at com.google.common.util.concurrent.SimpleTimeLimiter.callWithTimeout(SimpleTimeLimiter.java:155)
	at com.training.epam.ticketservice.at.ProcessUnderTest.runWithTimeout(ProcessUnderTest.java:87)
	at com.training.epam.ticketservice.at.ProcessUnderTest.readNextLine(ProcessUnderTest.java:47)
	at com.training.epam.ticketservice.at.GenericCliProcessStepDefs.theNextLineOfOutputContains(GenericCliProcessStepDefs.java:42)
	at ?.the next line of the output is "Room Pedersoli with 100 seats, 10 rows and 10 columns"(file:///C:/Users/Halász/IdeaProjects/epam-deik-java-dev/final/ticket-service-acceptance-tests/src/test/resources/features/rooms.feature:20)

an admin user can delete a room(allow creating, reading, updating and deleting rooms where the screenings will happen)  Time elapsed: 19.352 sec  <<< ERROR!
java.util.concurrent.TimeoutException
	at java.base/java.util.concurrent.FutureTask.get(FutureTask.java:204)
	at com.google.common.util.concurrent.SimpleTimeLimiter.callWithTimeout(SimpleTimeLimiter.java:155)
	at com.training.epam.ticketservice.at.ProcessUnderTest.runWithTimeout(ProcessUnderTest.java:87)
	at com.training.epam.ticketservice.at.ProcessUnderTest.readNextLine(ProcessUnderTest.java:47)
	at com.training.epam.ticketservice.at.GenericCliProcessStepDefs.theNextLineOfOutputContains(GenericCliProcessStepDefs.java:42)
	at ?.the next line of the output is "There are no rooms at the moment"(file:///C:/Users/Halász/IdeaProjects/epam-deik-java-dev/final/ticket-service-acceptance-tests/src/test/resources/features/rooms.feature:28)

The admin user can create and query screenings(allows creating, deleting and listing screenings)  Time elapsed: 5.934 sec  <<< FAILURE!
java.lang.AssertionError: 
Expected: "Sátántangó (drama, 450 minutes), screened in room Pedersoli, at 2021-03-15 10:45"
     but: was "[31mNo command found for 'list screenings'[0m"
	at org.hamcrest.MatcherAssert.assertThat(MatcherAssert.java:20)
	at org.hamcrest.MatcherAssert.assertThat(MatcherAssert.java:6)
	at com.training.epam.ticketservice.at.GenericCliProcessStepDefs.theNextLineOfOutputContains(GenericCliProcessStepDefs.java:43)
	at ?.the next line of the output is "Sátántangó (drama, 450 minutes), screened in room Pedersoli, at 2021-03-15 10:45"(file:///C:/Users/Halász/IdeaProjects/epam-deik-java-dev/final/ticket-service-acceptance-tests/src/test/resources/features/screenings.feature:18)

The admin can not create overlapping screenings in the same room(allows creating, deleting and listing screenings)  Time elapsed: 5.752 sec  <<< FAILURE!
java.lang.AssertionError: 
Expected: "There is an overlapping screening"
     but: was "2022-11-20 19:22:15.255  INFO 1212 --- [           main] c.e.t.t.services.ScreeningService        : Screening created: Screening(time=null)"
	at org.hamcrest.MatcherAssert.assertThat(MatcherAssert.java:20)
	at org.hamcrest.MatcherAssert.assertThat(MatcherAssert.java:6)
	at com.training.epam.ticketservice.at.GenericCliProcessStepDefs.theNextLineOfOutputContains(GenericCliProcessStepDefs.java:43)
	at ?.the next line of the output is "There is an overlapping screening"(file:///C:/Users/Halász/IdeaProjects/epam-deik-java-dev/final/ticket-service-acceptance-tests/src/test/resources/features/screenings.feature:26)

The admin can create overlapping screenings in different rooms(allows creating, deleting and listing screenings)  Time elapsed: 6.401 sec  <<< FAILURE!
java.lang.AssertionError: 
Expected: "Sátántangó (drama, 450 minutes), screened in room Pedersoli, at 2021-03-15 10:45"
     but: was "[31mNo command found for 'list screenings'[0m"
	at org.hamcrest.MatcherAssert.assertThat(MatcherAssert.java:20)
	at org.hamcrest.MatcherAssert.assertThat(MatcherAssert.java:6)
	at com.training.epam.ticketservice.at.GenericCliProcessStepDefs.theNextLineOfOutputContains(GenericCliProcessStepDefs.java:43)
	at ?.the next line of the output is "Sátántangó (drama, 450 minutes), screened in room Pedersoli, at 2021-03-15 10:45"(file:///C:/Users/Halász/IdeaProjects/epam-deik-java-dev/final/ticket-service-acceptance-tests/src/test/resources/features/screenings.feature:36)

The admin can not create screenings during a 10 minute long breaks after another screening in the same room(allows creating, deleting and listing screenings)  Time elapsed: 5.716 sec  <<< FAILURE!
java.lang.AssertionError: 
Expected: "This would start in the break period after another screening in this room"
     but: was "2022-11-20 19:22:27.372  INFO 11364 --- [           main] c.e.t.t.services.ScreeningService        : Screening created: Screening(time=null)"
	at org.hamcrest.MatcherAssert.assertThat(MatcherAssert.java:20)
	at org.hamcrest.MatcherAssert.assertThat(MatcherAssert.java:6)
	at com.training.epam.ticketservice.at.GenericCliProcessStepDefs.theNextLineOfOutputContains(GenericCliProcessStepDefs.java:43)
	at ?.the next line of the output is "This would start in the break period after another screening in this room"(file:///C:/Users/Halász/IdeaProjects/epam-deik-java-dev/final/ticket-service-acceptance-tests/src/test/resources/features/screenings.feature:44)

The admin can create screenings even if there is a break after a screening in a different room(allows creating, deleting and listing screenings)  Time elapsed: 5.832 sec  <<< FAILURE!
java.lang.AssertionError: 
Expected: "Sátántangó (drama, 450 minutes), screened in room Pedersoli, at 2021-03-15 11:00"
     but: was "[31mNo command found for 'list screenings'[0m"
	at org.hamcrest.MatcherAssert.assertThat(MatcherAssert.java:20)
	at org.hamcrest.MatcherAssert.assertThat(MatcherAssert.java:6)
	at com.training.epam.ticketservice.at.GenericCliProcessStepDefs.theNextLineOfOutputContains(GenericCliProcessStepDefs.java:43)
	at ?.the next line of the output is "Sátántangó (drama, 450 minutes), screened in room Pedersoli, at 2021-03-15 11:00"(file:///C:/Users/Halász/IdeaProjects/epam-deik-java-dev/final/ticket-service-acceptance-tests/src/test/resources/features/screenings.feature:54)

The admin user can delete screenings(allows creating, deleting and listing screenings)  Time elapsed: 5.829 sec  <<< FAILURE!
java.lang.AssertionError: 
Expected: "There are no screenings"
     but: was "[31mNo command found for 'list screenings'[0m"
	at org.hamcrest.MatcherAssert.assertThat(MatcherAssert.java:20)
	at org.hamcrest.MatcherAssert.assertThat(MatcherAssert.java:6)
	at com.training.epam.ticketservice.at.GenericCliProcessStepDefs.theNextLineOfOutputContains(GenericCliProcessStepDefs.java:43)
	at ?.the next line of the output is "There are no screenings"(file:///C:/Users/Halász/IdeaProjects/epam-deik-java-dev/final/ticket-service-acceptance-tests/src/test/resources/features/screenings.feature:63)

