<?xml version="1.0" encoding="UTF-8" ?>
<testsuite tests="17" failures="6" name="com.training.epam.ticketservice.at.TestExecutor" time="144.193" errors="4" skipped="0">
  <properties>
[...]
</properties>
  <testcase classname="allow creating accounts and logging in" name="the admin account exists by default and can be logged in with the correct password" time="4.596"/>
  <testcase classname="allow creating accounts and logging in" name="the admin account can be signed out" time="4.425"/>
  <testcase classname="allow creating accounts and logging in" name="the admin account can not be logged in with incorrect password" time="3.89"/>
  <testcase classname="allows creating movie descriptions" name="an admin user can create and list movies" time="4.098"/>
  <testcase classname="allows creating movie descriptions" name="an admin user can update a movie" time="19.352">
    <error type="java.util.concurrent.TimeoutException">java.util.concurrent.TimeoutException
	at java.base/java.util.concurrent.FutureTask.get(FutureTask.java:204)
	at com.google.common.util.concurrent.SimpleTimeLimiter.callWithTimeout(SimpleTimeLimiter.java:155)
	at com.training.epam.ticketservice.at.ProcessUnderTest.runWithTimeout(ProcessUnderTest.java:87)
	at com.training.epam.ticketservice.at.ProcessUnderTest.readNextLine(ProcessUnderTest.java:47)
	at com.training.epam.ticketservice.at.GenericCliProcessStepDefs.theNextLineOfOutputContains(GenericCliProcessStepDefs.java:42)
	at ✽.the next line of the output is &quot;Sátántangó (drama, 450 minutes)&quot;(file:///C:/Users/Halász/IdeaProjects/epam-deik-java-dev/final/ticket-service-acceptance-tests/src/test/resources/features/movies.feature:19)
</error>
  </testcase>
  <testcase classname="allows creating movie descriptions" name="an admin user can delete a movie" time="19.666">
    <error type="java.util.concurrent.TimeoutException">java.util.concurrent.TimeoutException
	at java.base/java.util.concurrent.FutureTask.get(FutureTask.java:204)
	at com.google.common.util.concurrent.SimpleTimeLimiter.callWithTimeout(SimpleTimeLimiter.java:155)
	at com.training.epam.ticketservice.at.ProcessUnderTest.runWithTimeout(ProcessUnderTest.java:87)
	at com.training.epam.ticketservice.at.ProcessUnderTest.readNextLine(ProcessUnderTest.java:47)
	at com.training.epam.ticketservice.at.GenericCliProcessStepDefs.theNextLineOfOutputContains(GenericCliProcessStepDefs.java:42)
	at ✽.the next line of the output is &quot;There are no movies at the moment&quot;(file:///C:/Users/Halász/IdeaProjects/epam-deik-java-dev/final/ticket-service-acceptance-tests/src/test/resources/features/movies.feature:27)
</error>
  </testcase>
  <testcase classname="allows creating movie descriptions" name="an unauthenticated user can list movies" time="5.064"/>
  <testcase classname="allow creating, reading, updating and deleting rooms where the screenings will happen" name="an admin user can create and list rooms" time="4.331"/>
  <testcase classname="allow creating, reading, updating and deleting rooms where the screenings will happen" name="an admin user can update a room" time="19.381">
    <error type="java.util.concurrent.TimeoutException">java.util.concurrent.TimeoutException
	at java.base/java.util.concurrent.FutureTask.get(FutureTask.java:204)
	at com.google.common.util.concurrent.SimpleTimeLimiter.callWithTimeout(SimpleTimeLimiter.java:155)
	at com.training.epam.ticketservice.at.ProcessUnderTest.runWithTimeout(ProcessUnderTest.java:87)
	at com.training.epam.ticketservice.at.ProcessUnderTest.readNextLine(ProcessUnderTest.java:47)
	at com.training.epam.ticketservice.at.GenericCliProcessStepDefs.theNextLineOfOutputContains(GenericCliProcessStepDefs.java:42)
	at ✽.the next line of the output is &quot;Room Pedersoli with 100 seats, 10 rows and 10 columns&quot;(file:///C:/Users/Halász/IdeaProjects/epam-deik-java-dev/final/ticket-service-acceptance-tests/src/test/resources/features/rooms.feature:20)
</error>
  </testcase>
  <testcase classname="allow creating, reading, updating and deleting rooms where the screenings will happen" name="an admin user can delete a room" time="19.352">
    <error type="java.util.concurrent.TimeoutException">java.util.concurrent.TimeoutException
	at java.base/java.util.concurrent.FutureTask.get(FutureTask.java:204)
	at com.google.common.util.concurrent.SimpleTimeLimiter.callWithTimeout(SimpleTimeLimiter.java:155)
	at com.training.epam.ticketservice.at.ProcessUnderTest.runWithTimeout(ProcessUnderTest.java:87)
	at com.training.epam.ticketservice.at.ProcessUnderTest.readNextLine(ProcessUnderTest.java:47)
	at com.training.epam.ticketservice.at.GenericCliProcessStepDefs.theNextLineOfOutputContains(GenericCliProcessStepDefs.java:42)
	at ✽.the next line of the output is &quot;There are no rooms at the moment&quot;(file:///C:/Users/Halász/IdeaProjects/epam-deik-java-dev/final/ticket-service-acceptance-tests/src/test/resources/features/rooms.feature:28)
</error>
  </testcase>
  <testcase classname="allow creating, reading, updating and deleting rooms where the screenings will happen" name="an unauthenticated user can list rooms" time="4.574"/>
  <testcase classname="allows creating, deleting and listing screenings" name="The admin user can create and query screenings" time="5.934">
    <failure message="
Expected: &quot;Sátántangó (drama, 450 minutes), screened in room Pedersoli, at 2021-03-15 10:45&quot;
     but: was &quot;&amp;#27;[31mNo command found for &apos;list screenings&apos;&amp;#27;[0m&quot;" type="java.lang.AssertionError">java.lang.AssertionError: 
Expected: &quot;Sátántangó (drama, 450 minutes), screened in room Pedersoli, at 2021-03-15 10:45&quot;
     but: was &quot;&amp;#27;[31mNo command found for &apos;list screenings&apos;&amp;#27;[0m&quot;
	at org.hamcrest.MatcherAssert.assertThat(MatcherAssert.java:20)
	at org.hamcrest.MatcherAssert.assertThat(MatcherAssert.java:6)
	at com.training.epam.ticketservice.at.GenericCliProcessStepDefs.theNextLineOfOutputContains(GenericCliProcessStepDefs.java:43)
	at ✽.the next line of the output is &quot;Sátántangó (drama, 450 minutes), screened in room Pedersoli, at 2021-03-15 10:45&quot;(file:///C:/Users/Halász/IdeaProjects/epam-deik-java-dev/final/ticket-service-acceptance-tests/src/test/resources/features/screenings.feature:18)
</failure>
  </testcase>
  <testcase classname="allows creating, deleting and listing screenings" name="The admin can not create overlapping screenings in the same room" time="5.752">
    <failure message="
Expected: &quot;There is an overlapping screening&quot;
     but: was &quot;2022-11-20 19:22:15.255  INFO 1212 --- [           main] c.e.t.t.services.ScreeningService        : Screening created: Screening(time=null)&quot;" type="java.lang.AssertionError">java.lang.AssertionError: 
Expected: &quot;There is an overlapping screening&quot;
     but: was &quot;2022-11-20 19:22:15.255  INFO 1212 --- [           main] c.e.t.t.services.ScreeningService        : Screening created: Screening(time=null)&quot;
	at org.hamcrest.MatcherAssert.assertThat(MatcherAssert.java:20)
	at org.hamcrest.MatcherAssert.assertThat(MatcherAssert.java:6)
	at com.training.epam.ticketservice.at.GenericCliProcessStepDefs.theNextLineOfOutputContains(GenericCliProcessStepDefs.java:43)
	at ✽.the next line of the output is &quot;There is an overlapping screening&quot;(file:///C:/Users/Halász/IdeaProjects/epam-deik-java-dev/final/ticket-service-acceptance-tests/src/test/resources/features/screenings.feature:26)
</failure>
  </testcase>
  <testcase classname="allows creating, deleting and listing screenings" name="The admin can create overlapping screenings in different rooms" time="6.401">
    <failure message="
Expected: &quot;Sátántangó (drama, 450 minutes), screened in room Pedersoli, at 2021-03-15 10:45&quot;
     but: was &quot;&amp;#27;[31mNo command found for &apos;list screenings&apos;&amp;#27;[0m&quot;" type="java.lang.AssertionError">java.lang.AssertionError: 
Expected: &quot;Sátántangó (drama, 450 minutes), screened in room Pedersoli, at 2021-03-15 10:45&quot;
     but: was &quot;&amp;#27;[31mNo command found for &apos;list screenings&apos;&amp;#27;[0m&quot;
	at org.hamcrest.MatcherAssert.assertThat(MatcherAssert.java:20)
	at org.hamcrest.MatcherAssert.assertThat(MatcherAssert.java:6)
	at com.training.epam.ticketservice.at.GenericCliProcessStepDefs.theNextLineOfOutputContains(GenericCliProcessStepDefs.java:43)
	at ✽.the next line of the output is &quot;Sátántangó (drama, 450 minutes), screened in room Pedersoli, at 2021-03-15 10:45&quot;(file:///C:/Users/Halász/IdeaProjects/epam-deik-java-dev/final/ticket-service-acceptance-tests/src/test/resources/features/screenings.feature:36)
</failure>
  </testcase>
  <testcase classname="allows creating, deleting and listing screenings" name="The admin can not create screenings during a 10 minute long breaks after another screening in the same room" time="5.716">
    <failure message="
Expected: &quot;This would start in the break period after another screening in this room&quot;
     but: was &quot;2022-11-20 19:22:27.372  INFO 11364 --- [           main] c.e.t.t.services.ScreeningService        : Screening created: Screening(time=null)&quot;" type="java.lang.AssertionError">java.lang.AssertionError: 
Expected: &quot;This would start in the break period after another screening in this room&quot;
     but: was &quot;2022-11-20 19:22:27.372  INFO 11364 --- [           main] c.e.t.t.services.ScreeningService        : Screening created: Screening(time=null)&quot;
	at org.hamcrest.MatcherAssert.assertThat(MatcherAssert.java:20)
	at org.hamcrest.MatcherAssert.assertThat(MatcherAssert.java:6)
	at com.training.epam.ticketservice.at.GenericCliProcessStepDefs.theNextLineOfOutputContains(GenericCliProcessStepDefs.java:43)
	at ✽.the next line of the output is &quot;This would start in the break period after another screening in this room&quot;(file:///C:/Users/Halász/IdeaProjects/epam-deik-java-dev/final/ticket-service-acceptance-tests/src/test/resources/features/screenings.feature:44)
</failure>
  </testcase>
  <testcase classname="allows creating, deleting and listing screenings" name="The admin can create screenings even if there is a break after a screening in a different room" time="5.832">
    <failure message="
Expected: &quot;Sátántangó (drama, 450 minutes), screened in room Pedersoli, at 2021-03-15 11:00&quot;
     but: was &quot;&amp;#27;[31mNo command found for &apos;list screenings&apos;&amp;#27;[0m&quot;" type="java.lang.AssertionError">java.lang.AssertionError: 
Expected: &quot;Sátántangó (drama, 450 minutes), screened in room Pedersoli, at 2021-03-15 11:00&quot;
     but: was &quot;&amp;#27;[31mNo command found for &apos;list screenings&apos;&amp;#27;[0m&quot;
	at org.hamcrest.MatcherAssert.assertThat(MatcherAssert.java:20)
	at org.hamcrest.MatcherAssert.assertThat(MatcherAssert.java:6)
	at com.training.epam.ticketservice.at.GenericCliProcessStepDefs.theNextLineOfOutputContains(GenericCliProcessStepDefs.java:43)
	at ✽.the next line of the output is &quot;Sátántangó (drama, 450 minutes), screened in room Pedersoli, at 2021-03-15 11:00&quot;(file:///C:/Users/Halász/IdeaProjects/epam-deik-java-dev/final/ticket-service-acceptance-tests/src/test/resources/features/screenings.feature:54)
</failure>
  </testcase>
  <testcase classname="allows creating, deleting and listing screenings" name="The admin user can delete screenings" time="5.829">
    <failure message="
Expected: &quot;There are no screenings&quot;
     but: was &quot;&amp;#27;[31mNo command found for &apos;list screenings&apos;&amp;#27;[0m&quot;" type="java.lang.AssertionError">java.lang.AssertionError: 
Expected: &quot;There are no screenings&quot;
     but: was &quot;&amp;#27;[31mNo command found for &apos;list screenings&apos;&amp;#27;[0m&quot;
	at org.hamcrest.MatcherAssert.assertThat(MatcherAssert.java:20)
	at org.hamcrest.MatcherAssert.assertThat(MatcherAssert.java:6)
	at com.training.epam.ticketservice.at.GenericCliProcessStepDefs.theNextLineOfOutputContains(GenericCliProcessStepDefs.java:43)
	at ✽.the next line of the output is &quot;There are no screenings&quot;(file:///C:/Users/Halász/IdeaProjects/epam-deik-java-dev/final/ticket-service-acceptance-tests/src/test/resources/features/screenings.feature:63)
</failure>
  </testcase>
</testsuite>